<?xml version="1.0" encoding="UTF-8"?>
<testng-results skipped="0" failed="0" total="1" passed="1">
  <reporter-output>
  </reporter-output>
  <suite name="Default suite" duration-ms="23899" started-at="2017-02-17T15:57:00Z" finished-at="2017-02-17T15:57:24Z">
    <groups>
    </groups>
    <test name="Default test" duration-ms="23899" started-at="2017-02-17T15:57:00Z" finished-at="2017-02-17T15:57:24Z">
      <class name="tests.SeleniumTest">
        <test-method status="PASS" signature="beforeSuite()[pri:0, instance:tests.SeleniumTest@47c62251]" name="beforeSuite" is-config="true" duration-ms="4721" started-at="2017-02-17T07:56:55Z" finished-at="2017-02-17T07:57:00Z">
          <reporter-output>
          </reporter-output>
        </test-method> <!-- beforeSuite -->
        <test-method status="PASS" signature="beforeMethod()[pri:0, instance:tests.SeleniumTest@47c62251]" name="beforeMethod" is-config="true" duration-ms="2287" started-at="2017-02-17T07:57:00Z" finished-at="2017-02-17T07:57:02Z">
          <reporter-output>
          </reporter-output>
        </test-method> <!-- beforeMethod -->
        <test-method status="PASS" signature="verifyModalContents()[pri:0, instance:tests.SeleniumTest@47c62251]" name="verifyModalContents" duration-ms="21357" started-at="2017-02-17T07:57:02Z" description="Verify modal contents in the top page are valid based on machine&#039;s status" finished-at="2017-02-17T07:57:24Z">
          <reporter-output>
          </reporter-output>
        </test-method> <!-- verifyModalContents -->
        <test-method status="PASS" signature="afterMethod()[pri:0, instance:tests.SeleniumTest@47c62251]" name="afterMethod" is-config="true" duration-ms="198" started-at="2017-02-17T07:57:24Z" finished-at="2017-02-17T07:57:24Z">
          <reporter-output>
          </reporter-output>
        </test-method> <!-- afterMethod -->
      </class> <!-- tests.SeleniumTest -->
    </test> <!-- Default test -->
  </suite> <!-- Default suite -->
</testng-results>
